
2021/10/03 (15:06:47) | ===> btop++ v.1.0.13
2021/10/03 (15:06:47) | ERROR: No UTF-8 locale detected!
Use --utf-force argument to force start if you're sure your terminal can handle it.

2021/10/03 (15:06:57) | ===> btop++ v.1.0.13
2021/10/03 (15:06:57) | WARNING: No UTF-8 locale detected! Forcing start with --utf-force argument.
2021/10/03 (15:06:57) | WARNING: No good candidate for cpu sensor found, using random from all found sensors.

2021/10/03 (15:09:31) | ===> btop++ v.1.0.13
2021/10/03 (15:09:31) | WARNING: No UTF-8 locale detected! Forcing start with --utf-force argument.
2021/10/03 (15:09:31) | WARNING: No good candidate for cpu sensor found, using random from all found sensors.

2021/10/03 (19:04:41) | ===> btop++ v.1.0.13
2021/10/03 (19:04:41) | WARNING: No UTF-8 locale detected! Forcing start with --utf-force argument.
2021/10/03 (19:04:41) | WARNING: No good candidate for cpu sensor found, using random from all found sensors.

2021/11/16 (19:01:43) | ===> btop++ v.1.1.0
2021/11/16 (19:01:43) | WARNING: No UTF-8 locale detected! Forcing start with --utf-force argument.

2021/11/17 (00:04:46) | ===> btop++ v.1.1.0
2021/11/17 (00:04:46) | WARNING: No UTF-8 locale detected! Forcing start with --utf-force argument.

2021/11/20 (21:25:43) | ===> btop++ v.1.1.0
2021/11/20 (21:25:43) | WARNING: No UTF-8 locale detected! Forcing start with --utf-force argument.

2021/12/18 (16:40:42) | ===> btop++ v.1.1.3
2021/12/18 (16:40:42) | WARNING: No UTF-8 locale detected! Forcing start with --utf-force argument.

2021/12/18 (18:21:31) | ===> btop++ v.1.1.3
2021/12/18 (18:21:31) | WARNING: No UTF-8 locale detected! Forcing start with --utf-force argument.

2021/12/27 (23:48:30) | ===> btop++ v.1.1.3
2021/12/27 (23:48:30) | WARNING: No UTF-8 locale detected! Forcing start with --utf-force argument.

2021/12/28 (21:12:07) | ===> btop++ v.1.1.3
2021/12/28 (21:12:07) | WARNING: No UTF-8 locale detected! Forcing start with --utf-force argument.

2021/12/28 (23:58:39) | ===> btop++ v.1.1.3
2021/12/28 (23:58:39) | WARNING: No UTF-8 locale detected! Forcing start with --utf-force argument.

2021/12/30 (14:40:29) | ===> btop++ v.1.1.4
2021/12/30 (14:40:29) | WARNING: No UTF-8 locale detected! Forcing start with --utf-force argument.

2021/12/30 (14:42:18) | ===> btop++ v.1.1.4
2021/12/30 (14:42:18) | WARNING: No UTF-8 locale detected! Forcing start with --utf-force argument.

2021/12/30 (14:44:49) | ===> btop++ v.1.1.4
2021/12/30 (14:44:49) | WARNING: No UTF-8 locale detected! Forcing start with --utf-force argument.

2022/01/27 (03:05:45) | ===> btop++ v.1.2.0
2022/01/27 (03:05:45) | WARNING: No UTF-8 locale detected! Forcing start with --utf-force argument.

2022/02/04 (18:47:14) | ===> btop++ v.1.2.0
2022/02/04 (18:47:14) | WARNING: No UTF-8 locale detected! Forcing start with --utf-force argument.

2022/02/04 (20:13:33) | ===> btop++ v.1.2.0
2022/02/04 (20:13:33) | WARNING: No UTF-8 locale detected! Forcing start with --utf-force argument.

2022/02/05 (01:25:16) | ===> btop++ v.1.2.0
2022/02/05 (01:25:16) | WARNING: No UTF-8 locale detected! Forcing start with --utf-force argument.

2022/02/05 (12:43:08) | ===> btop++ v.1.2.0
2022/02/05 (12:43:08) | WARNING: No UTF-8 locale detected! Forcing start with --utf-force argument.

2022/02/06 (02:57:49) | ===> btop++ v.1.2.0
2022/02/06 (02:57:49) | WARNING: No UTF-8 locale detected! Forcing start with --utf-force argument.

2022/02/06 (02:57:52) | ===> btop++ v.1.2.0
2022/02/06 (02:57:52) | WARNING: No UTF-8 locale detected! Forcing start with --utf-force argument.

2022/02/06 (20:18:50) | ===> btop++ v.1.2.0
2022/02/06 (20:18:50) | WARNING: No UTF-8 locale detected! Forcing start with --utf-force argument.

2022/02/06 (20:19:03) | ===> btop++ v.1.2.0
2022/02/06 (20:19:03) | WARNING: No UTF-8 locale detected! Forcing start with --utf-force argument.

2022/02/06 (21:01:51) | ===> btop++ v.1.2.0
2022/02/06 (21:01:51) | WARNING: No UTF-8 locale detected! Forcing start with --utf-force argument.

2022/02/07 (15:30:22) | ===> btop++ v.1.2.0
2022/02/07 (15:30:22) | ERROR: No UTF-8 locale detected!
Use --utf-force argument to force start if you're sure your terminal can handle it.

2022/02/15 (15:37:36) | ===> btop++ v.1.2.3
2022/02/15 (15:37:36) | WARNING: No UTF-8 locale detected! Forcing start with --utf-force argument.

2022/02/16 (11:45:45) | ===> btop++ v.1.2.3
2022/02/16 (11:45:45) | WARNING: No UTF-8 locale detected! Forcing start with --utf-force argument.

2022/02/16 (11:47:01) | ===> btop++ v.1.2.3
2022/02/16 (11:47:01) | WARNING: No UTF-8 locale detected! Forcing start with --utf-force argument.

2022/02/22 (14:16:58) | ===> btop++ v.1.2.3
2022/02/22 (14:16:58) | WARNING: No UTF-8 locale detected! Forcing start with --utf-force argument.

2022/02/22 (14:29:28) | ===> btop++ v.1.2.3
2022/02/22 (14:29:28) | WARNING: No UTF-8 locale detected! Forcing start with --utf-force argument.

2022/02/22 (14:30:12) | ===> btop++ v.1.2.3
2022/02/22 (14:30:12) | WARNING: No UTF-8 locale detected! Forcing start with --utf-force argument.

2022/02/22 (17:30:45) | ===> btop++ v.1.2.3
2022/02/22 (17:30:45) | WARNING: No UTF-8 locale detected! Forcing start with --utf-force argument.

2022/02/22 (17:59:09) | ===> btop++ v.1.2.3
2022/02/22 (17:59:09) | WARNING: No UTF-8 locale detected! Forcing start with --utf-force argument.

2022/02/23 (13:56:31) | ===> btop++ v.1.2.3
2022/02/23 (13:56:31) | WARNING: No UTF-8 locale detected! Forcing start with --utf-force argument.

2022/02/23 (13:58:40) | ===> btop++ v.1.2.3
2022/02/23 (13:58:40) | WARNING: No UTF-8 locale detected! Forcing start with --utf-force argument.

2022/02/23 (23:25:18) | ===> btop++ v.1.2.3
2022/02/23 (23:25:18) | WARNING: No UTF-8 locale detected! Forcing start with --utf-force argument.

2022/02/24 (01:53:39) | ===> btop++ v.1.2.3
2022/02/24 (01:53:39) | WARNING: No UTF-8 locale detected! Forcing start with --utf-force argument.

2022/02/24 (01:54:55) | ===> btop++ v.1.2.3
2022/02/24 (01:54:55) | WARNING: No UTF-8 locale detected! Forcing start with --utf-force argument.

2022/02/24 (02:00:58) | ===> btop++ v.1.2.3
2022/02/24 (02:00:58) | WARNING: No UTF-8 locale detected! Forcing start with --utf-force argument.

2022/02/24 (02:05:29) | ===> btop++ v.1.2.3
2022/02/24 (02:05:29) | WARNING: No UTF-8 locale detected! Forcing start with --utf-force argument.

2022/02/24 (02:07:21) | ===> btop++ v.1.2.3
2022/02/24 (02:07:21) | WARNING: No UTF-8 locale detected! Forcing start with --utf-force argument.

2022/02/24 (02:08:06) | ===> btop++ v.1.2.3
2022/02/24 (02:08:06) | WARNING: No UTF-8 locale detected! Forcing start with --utf-force argument.

2022/02/24 (02:08:51) | ===> btop++ v.1.2.3
2022/02/24 (02:08:51) | WARNING: No UTF-8 locale detected! Forcing start with --utf-force argument.

2022/02/24 (02:13:53) | ===> btop++ v.1.2.3
2022/02/24 (02:13:53) | WARNING: No UTF-8 locale detected! Forcing start with --utf-force argument.

2022/02/25 (01:32:29) | ===> btop++ v.1.2.3
2022/02/25 (01:32:29) | WARNING: No UTF-8 locale detected! Forcing start with --utf-force argument.

2022/02/25 (01:32:51) | ===> btop++ v.1.2.3
2022/02/25 (01:32:51) | WARNING: No UTF-8 locale detected! Forcing start with --utf-force argument.

2022/03/10 (00:21:55) | ===> btop++ v.1.2.5
2022/03/10 (00:21:55) | WARNING: No UTF-8 locale detected! Forcing start with --utf-force argument.

2022/03/10 (00:46:34) | ===> btop++ v.1.2.5
2022/03/10 (00:46:34) | WARNING: No UTF-8 locale detected! Forcing start with --utf-force argument.

2022/03/13 (14:32:11) | ===> btop++ v.1.2.5
2022/03/13 (14:32:11) | WARNING: No UTF-8 locale detected! Forcing start with --utf-force argument.

2022/03/14 (01:26:05) | ===> btop++ v.1.2.5
2022/03/14 (01:26:05) | WARNING: No UTF-8 locale detected! Forcing start with --utf-force argument.

2022/03/14 (01:32:05) | ===> btop++ v.1.2.5
2022/03/14 (01:32:05) | WARNING: No UTF-8 locale detected! Forcing start with --utf-force argument.

2022/03/14 (01:41:44) | ===> btop++ v.1.2.5
2022/03/14 (01:41:44) | WARNING: No UTF-8 locale detected! Forcing start with --utf-force argument.

2022/03/26 (00:36:43) | ===> btop++ v.1.2.5
2022/03/26 (00:36:43) | WARNING: No UTF-8 locale detected! Forcing start with --utf-force argument.

2022/04/06 (22:29:17) | ===> btop++ v.1.2.5
2022/04/06 (22:29:17) | WARNING: No UTF-8 locale detected! Forcing start with --utf-force argument.

2022/04/18 (11:19:53) | ===> btop++ v.1.2.6
2022/04/18 (11:19:53) | WARNING: No UTF-8 locale detected! Forcing start with --utf-force argument.

2022/04/28 (20:30:56) | ===> btop++ v.1.2.6
2022/04/28 (20:30:56) | WARNING: No UTF-8 locale detected! Forcing start with --utf-force argument.

2022/04/28 (20:31:45) | ===> btop++ v.1.2.6
2022/04/28 (20:31:45) | WARNING: No UTF-8 locale detected! Forcing start with --utf-force argument.

2022/04/28 (20:35:00) | ===> btop++ v.1.2.6
2022/04/28 (20:35:00) | WARNING: No UTF-8 locale detected! Forcing start with --utf-force argument.

2022/05/07 (21:30:15) | ===> btop++ v.1.2.6
2022/05/07 (21:30:15) | WARNING: No UTF-8 locale detected! Forcing start with --utf-force argument.

2022/05/07 (21:34:56) | ===> btop++ v.1.2.6
2022/05/07 (21:34:56) | WARNING: No UTF-8 locale detected! Forcing start with --utf-force argument.

2022/05/07 (21:35:06) | ===> btop++ v.1.2.6
2022/05/07 (21:35:06) | WARNING: No UTF-8 locale detected! Forcing start with --utf-force argument.

2022/05/07 (21:41:37) | ===> btop++ v.1.2.6
2022/05/07 (21:41:37) | WARNING: No UTF-8 locale detected! Forcing start with --utf-force argument.

2022/05/07 (22:28:51) | ===> btop++ v.1.2.6
2022/05/07 (22:28:51) | WARNING: No UTF-8 locale detected! Forcing start with --utf-force argument.

2022/05/09 (15:06:45) | ===> btop++ v.1.2.6
2022/05/09 (15:06:45) | WARNING: No UTF-8 locale detected! Forcing start with --utf-force argument.

2022/05/09 (16:07:01) | ===> btop++ v.1.2.6
2022/05/09 (16:07:01) | WARNING: No UTF-8 locale detected! Forcing start with --utf-force argument.

2022/05/10 (23:44:00) | ===> btop++ v.1.2.6
2022/05/10 (23:44:00) | WARNING: No UTF-8 locale detected! Forcing start with --utf-force argument.

2022/05/12 (00:22:09) | ===> btop++ v.1.2.6
2022/05/12 (00:22:09) | WARNING: No UTF-8 locale detected! Forcing start with --utf-force argument.

2022/05/23 (15:45:10) | ===> btop++ v.1.2.6
2022/05/23 (15:45:10) | WARNING: No UTF-8 locale detected! Forcing start with --utf-force argument.

2022/05/23 (15:49:03) | ===> btop++ v.1.2.6
2022/05/23 (15:49:03) | WARNING: No UTF-8 locale detected! Forcing start with --utf-force argument.

2022/05/23 (16:30:41) | ===> btop++ v.1.2.6
2022/05/23 (16:30:41) | WARNING: No UTF-8 locale detected! Forcing start with --utf-force argument.

2022/05/23 (16:31:14) | ===> btop++ v.1.2.6
2022/05/23 (16:31:14) | WARNING: No UTF-8 locale detected! Forcing start with --utf-force argument.

2022/05/23 (16:32:38) | ===> btop++ v.1.2.6
2022/05/23 (16:32:38) | WARNING: No UTF-8 locale detected! Forcing start with --utf-force argument.

2022/05/23 (16:33:30) | ===> btop++ v.1.2.6
2022/05/23 (16:33:30) | WARNING: No UTF-8 locale detected! Forcing start with --utf-force argument.

2022/06/02 (02:28:11) | ===> btop++ v.1.2.6
2022/06/02 (02:28:11) | WARNING: No UTF-8 locale detected! Forcing start with --utf-force argument.

2022/06/04 (02:39:04) | ===> btop++ v.1.2.6
2022/06/04 (02:39:04) | WARNING: No UTF-8 locale detected! Forcing start with --utf-force argument.

2022/06/04 (04:20:26) | ===> btop++ v.1.2.6
2022/06/04 (04:20:26) | WARNING: No UTF-8 locale detected! Forcing start with --utf-force argument.

2022/06/04 (16:08:35) | ===> btop++ v.1.2.6
2022/06/04 (16:08:35) | WARNING: No UTF-8 locale detected! Forcing start with --utf-force argument.

2022/06/05 (00:54:29) | ===> btop++ v.1.2.6
2022/06/05 (00:54:29) | WARNING: No UTF-8 locale detected! Forcing start with --utf-force argument.

2022/06/05 (00:54:48) | ===> btop++ v.1.2.6
2022/06/05 (00:54:48) | WARNING: No UTF-8 locale detected! Forcing start with --utf-force argument.

2022/06/07 (14:54:13) | ===> btop++ v.1.2.6
2022/06/07 (14:54:13) | WARNING: No UTF-8 locale detected! Forcing start with --utf-force argument.

2022/06/09 (00:30:19) | ===> btop++ v.1.2.7
2022/06/09 (00:30:19) | WARNING: No UTF-8 locale detected! Forcing start with --utf-force argument.

2022/06/26 (00:44:28) | ===> btop++ v.1.2.7
2022/06/26 (00:44:28) | WARNING: No UTF-8 locale detected! Forcing start with --utf-force argument.

2022/06/26 (00:44:43) | ===> btop++ v.1.2.7
2022/06/26 (00:44:43) | WARNING: No UTF-8 locale detected! Forcing start with --utf-force argument.

2022/06/26 (00:47:26) | ===> btop++ v.1.2.7
2022/06/26 (00:47:26) | WARNING: No UTF-8 locale detected! Forcing start with --utf-force argument.

2022/06/26 (01:48:27) | ===> btop++ v.1.2.7
2022/06/26 (01:48:27) | WARNING: No UTF-8 locale detected! Forcing start with --utf-force argument.

2022/06/26 (01:52:28) | ===> btop++ v.1.2.7
2022/06/26 (01:52:28) | WARNING: No UTF-8 locale detected! Forcing start with --utf-force argument.

2022/07/05 (03:33:06) | ===> btop++ v.1.2.8
2022/07/05 (03:33:06) | WARNING: No UTF-8 locale detected! Forcing start with --utf-force argument.

2022/07/06 (01:12:50) | ===> btop++ v.1.2.8
2022/07/06 (01:12:50) | WARNING: No UTF-8 locale detected! Forcing start with --utf-force argument.

2022/07/06 (01:31:01) | ===> btop++ v.1.2.8
2022/07/06 (01:31:01) | WARNING: No UTF-8 locale detected! Forcing start with --utf-force argument.

2022/07/20 (11:24:31) | ===> btop++ v.1.2.8
2022/07/20 (11:24:31) | WARNING: No UTF-8 locale detected! Forcing start with --utf-force argument.

2022/07/22 (23:18:55) | ===> btop++ v.1.2.8
2022/07/22 (23:18:55) | WARNING: No UTF-8 locale detected! Forcing start with --utf-force argument.

2022/07/22 (23:19:27) | ===> btop++ v.1.2.8
2022/07/22 (23:19:27) | WARNING: No UTF-8 locale detected! Forcing start with --utf-force argument.

2022/08/02 (23:38:16) | ===> btop++ v.1.2.8
2022/08/02 (23:38:16) | WARNING: No UTF-8 locale detected! Forcing start with --utf-force argument.

2022/08/02 (23:55:00) | ===> btop++ v.1.2.8
2022/08/02 (23:55:00) | WARNING: No UTF-8 locale detected! Forcing start with --utf-force argument.

2022/08/07 (01:05:23) | ===> btop++ v.1.2.8
2022/08/07 (01:05:23) | WARNING: No UTF-8 locale detected! Forcing start with --utf-force argument.

2022/08/14 (03:05:01) | ===> btop++ v.1.2.8
2022/08/14 (03:05:01) | WARNING: No UTF-8 locale detected! Forcing start with --utf-force argument.

2022/08/22 (11:28:16) | ===> btop++ v.1.2.8
2022/08/22 (11:28:16) | WARNING: No UTF-8 locale detected! Forcing start with --utf-force argument.

2022/08/25 (23:23:16) | ===> btop++ v.1.2.8
2022/08/25 (23:23:16) | WARNING: No UTF-8 locale detected! Forcing start with --utf-force argument.

2022/08/28 (22:24:40) | ===> btop++ v.1.2.8
2022/08/28 (22:24:40) | ERROR: No UTF-8 locale detected!
Use --utf-force argument to force start if you're sure your terminal can handle it.

2022/08/28 (23:43:41) | ===> btop++ v.1.2.8
2022/08/28 (23:43:41) | WARNING: No UTF-8 locale detected! Forcing start with --utf-force argument.

2022/09/09 (18:21:31) | ===> btop++ v.1.2.9
2022/09/09 (18:21:31) | WARNING: No UTF-8 locale detected! Forcing start with --utf-force argument.

2022/09/09 (23:06:46) | ===> btop++ v.1.2.9
2022/09/09 (23:06:46) | WARNING: No UTF-8 locale detected! Forcing start with --utf-force argument.

2022/09/11 (20:37:58) | ===> btop++ v.1.2.9
2022/09/11 (20:37:58) | WARNING: No UTF-8 locale detected! Forcing start with --utf-force argument.

2022/09/20 (03:21:41) | ===> btop++ v.1.2.9
2022/09/20 (03:21:41) | WARNING: No UTF-8 locale detected! Forcing start with --utf-force argument.

2022/09/22 (22:05:34) | ===> btop++ v.1.2.9
2022/09/22 (22:05:34) | WARNING: No UTF-8 locale detected! Forcing start with --utf-force argument.

2022/10/16 (00:38:50) | ===> btop++ v.1.2.12
2022/10/16 (00:38:50) | WARNING: No UTF-8 locale detected! Forcing start with --utf-force argument.

2022/10/18 (19:02:55) | ===> btop++ v.1.2.12
2022/10/18 (19:02:55) | WARNING: No UTF-8 locale detected! Forcing start with --utf-force argument.

2022/10/19 (00:26:39) | ===> btop++ v.1.2.12
2022/10/19 (00:26:39) | WARNING: No UTF-8 locale detected! Forcing start with --utf-force argument.

2022/10/19 (08:30:37) | ===> btop++ v.1.2.12
2022/10/19 (08:30:37) | WARNING: No UTF-8 locale detected! Forcing start with --utf-force argument.

2022/10/19 (08:31:01) | ===> btop++ v.1.2.12
2022/10/19 (08:31:01) | WARNING: No UTF-8 locale detected! Forcing start with --utf-force argument.

2022/10/19 (17:59:59) | ===> btop++ v.1.2.12
2022/10/19 (17:59:59) | WARNING: No UTF-8 locale detected! Forcing start with --utf-force argument.

2022/10/19 (18:00:53) | ===> btop++ v.1.2.12
2022/10/19 (18:00:53) | WARNING: No UTF-8 locale detected! Forcing start with --utf-force argument.

2022/10/19 (18:12:11) | ===> btop++ v.1.2.12
2022/10/19 (18:12:11) | WARNING: No UTF-8 locale detected! Forcing start with --utf-force argument.

2022/10/19 (20:55:19) | ===> btop++ v.1.2.12
2022/10/19 (20:55:19) | WARNING: No UTF-8 locale detected! Forcing start with --utf-force argument.

2022/10/20 (00:29:04) | ===> btop++ v.1.2.12
2022/10/20 (00:29:04) | WARNING: No UTF-8 locale detected! Forcing start with --utf-force argument.

2022/10/25 (14:09:10) | ===> btop++ v.1.2.12
2022/10/25 (14:09:10) | WARNING: No UTF-8 locale detected! Forcing start with --utf-force argument.

2022/10/25 (14:09:38) | ===> btop++ v.1.2.12
2022/10/25 (14:09:38) | WARNING: No UTF-8 locale detected! Forcing start with --utf-force argument.

2022/10/26 (14:16:31) | ===> btop++ v.1.2.12
2022/10/26 (14:16:31) | WARNING: No UTF-8 locale detected! Forcing start with --utf-force argument.

2022/10/27 (12:26:35) | ===> btop++ v.1.2.12
2022/10/27 (12:26:35) | WARNING: No UTF-8 locale detected! Forcing start with --utf-force argument.

2022/10/27 (17:42:59) | ===> btop++ v.1.2.12
2022/10/27 (17:42:59) | WARNING: No UTF-8 locale detected! Forcing start with --utf-force argument.

2022/10/30 (15:31:43) | ===> btop++ v.1.2.12
2022/10/30 (15:31:43) | WARNING: No UTF-8 locale detected! Forcing start with --utf-force argument.

2022/10/30 (15:35:47) | ===> btop++ v.1.2.12
2022/10/30 (15:35:47) | WARNING: No UTF-8 locale detected! Forcing start with --utf-force argument.

2022/10/30 (15:49:11) | ===> btop++ v.1.2.12
2022/10/30 (15:49:11) | WARNING: No UTF-8 locale detected! Forcing start with --utf-force argument.

2022/10/30 (15:53:51) | ===> btop++ v.1.2.12
2022/10/30 (15:53:51) | WARNING: No UTF-8 locale detected! Forcing start with --utf-force argument.

2022/10/31 (10:39:54) | ===> btop++ v.1.2.12
2022/10/31 (10:39:54) | WARNING: No UTF-8 locale detected! Forcing start with --utf-force argument.

2022/11/01 (19:05:55) | ===> btop++ v.1.2.12
2022/11/01 (19:05:55) | WARNING: No UTF-8 locale detected! Forcing start with --utf-force argument.

2022/11/01 (19:07:57) | ===> btop++ v.1.2.12
2022/11/01 (19:07:57) | WARNING: No UTF-8 locale detected! Forcing start with --utf-force argument.

2022/11/01 (20:04:01) | ===> btop++ v.1.2.12
2022/11/01 (20:04:01) | WARNING: No UTF-8 locale detected! Forcing start with --utf-force argument.

2022/11/01 (22:43:33) | ===> btop++ v.1.2.12
2022/11/01 (22:43:33) | WARNING: No UTF-8 locale detected! Forcing start with --utf-force argument.

2022/11/01 (22:49:53) | ===> btop++ v.1.2.12
2022/11/01 (22:49:53) | WARNING: No UTF-8 locale detected! Forcing start with --utf-force argument.

2022/11/02 (13:10:26) | ===> btop++ v.1.2.12
2022/11/02 (13:10:26) | WARNING: No UTF-8 locale detected! Forcing start with --utf-force argument.

2022/11/02 (18:29:47) | ===> btop++ v.1.2.12
2022/11/02 (18:29:47) | WARNING: No UTF-8 locale detected! Forcing start with --utf-force argument.

2022/11/03 (09:03:46) | ===> btop++ v.1.2.12
2022/11/03 (09:03:46) | WARNING: No UTF-8 locale detected! Forcing start with --utf-force argument.

2022/11/03 (13:21:37) | ===> btop++ v.1.2.12
2022/11/03 (13:21:37) | WARNING: No UTF-8 locale detected! Forcing start with --utf-force argument.

2022/11/03 (20:03:16) | ===> btop++ v.1.2.12
2022/11/03 (20:03:16) | WARNING: No UTF-8 locale detected! Forcing start with --utf-force argument.

2022/11/04 (10:15:51) | ===> btop++ v.1.2.12
2022/11/04 (10:15:51) | WARNING: No UTF-8 locale detected! Forcing start with --utf-force argument.

2022/11/05 (00:27:22) | ===> btop++ v.1.2.12
2022/11/05 (00:27:22) | WARNING: No UTF-8 locale detected! Forcing start with --utf-force argument.

2022/11/05 (00:53:12) | ===> btop++ v.1.2.12
2022/11/05 (00:53:12) | WARNING: No UTF-8 locale detected! Forcing start with --utf-force argument.

2022/11/05 (19:03:12) | ===> btop++ v.1.2.12
2022/11/05 (19:03:12) | WARNING: No UTF-8 locale detected! Forcing start with --utf-force argument.

2022/11/06 (11:21:14) | ===> btop++ v.1.2.12
2022/11/06 (11:21:14) | WARNING: No UTF-8 locale detected! Forcing start with --utf-force argument.

2022/11/06 (15:29:12) | ===> btop++ v.1.2.12
2022/11/06 (15:29:12) | WARNING: No UTF-8 locale detected! Forcing start with --utf-force argument.

2022/11/08 (16:08:47) | ===> btop++ v.1.2.12
2022/11/08 (16:08:47) | WARNING: No UTF-8 locale detected! Forcing start with --utf-force argument.

2022/11/17 (09:39:38) | ===> btop++ v.1.2.13
2022/11/17 (09:39:38) | WARNING: No UTF-8 locale detected! Forcing start with --utf-force argument.

2022/11/18 (08:55:41) | ===> btop++ v.1.2.13
2022/11/18 (08:55:41) | WARNING: No UTF-8 locale detected! Forcing start with --utf-force argument.

2022/11/18 (11:32:38) | ===> btop++ v.1.2.13
2022/11/18 (11:32:38) | WARNING: No UTF-8 locale detected! Forcing start with --utf-force argument.

2022/11/21 (19:30:57) | ===> btop++ v.1.2.13
2022/11/21 (19:30:57) | WARNING: No UTF-8 locale detected! Forcing start with --utf-force argument.

2022/11/25 (17:12:38) | ===> btop++ v.1.2.13
2022/11/25 (17:12:38) | WARNING: No UTF-8 locale detected! Forcing start with --utf-force argument.

2022/11/25 (19:11:38) | ===> btop++ v.1.2.13
2022/11/25 (19:11:38) | WARNING: No UTF-8 locale detected! Forcing start with --utf-force argument.

2022/11/25 (19:12:02) | ===> btop++ v.1.2.13
2022/11/25 (19:12:02) | WARNING: No UTF-8 locale detected! Forcing start with --utf-force argument.

2022/11/27 (14:19:11) | ===> btop++ v.1.2.13
2022/11/27 (14:19:11) | WARNING: No UTF-8 locale detected! Forcing start with --utf-force argument.

2022/12/02 (01:31:17) | ===> btop++ v.1.2.13
2022/12/02 (01:31:17) | WARNING: No UTF-8 locale detected! Forcing start with --utf-force argument.

2022/12/08 (20:19:50) | ===> btop++ v.1.2.13
2022/12/08 (20:19:50) | WARNING: No UTF-8 locale detected! Forcing start with --utf-force argument.

2022/12/08 (22:22:23) | ===> btop++ v.1.2.13
2022/12/08 (22:22:23) | WARNING: No UTF-8 locale detected! Forcing start with --utf-force argument.

2022/12/09 (00:14:25) | ===> btop++ v.1.2.13
2022/12/09 (00:14:25) | WARNING: No UTF-8 locale detected! Forcing start with --utf-force argument.

2022/12/16 (23:41:14) | ===> btop++ v.1.2.13
2022/12/16 (23:41:14) | WARNING: No UTF-8 locale detected! Forcing start with --utf-force argument.

2022/12/17 (20:23:47) | ===> btop++ v.1.2.13
2022/12/17 (20:23:47) | WARNING: No UTF-8 locale detected! Forcing start with --utf-force argument.

2022/12/25 (00:21:30) | ===> btop++ v.1.2.13
2022/12/25 (00:21:30) | WARNING: No UTF-8 locale detected! Forcing start with --utf-force argument.

2022/12/25 (23:49:22) | ===> btop++ v.1.2.13
2022/12/25 (23:49:22) | WARNING: No UTF-8 locale detected! Forcing start with --utf-force argument.

2022/12/31 (20:01:40) | ===> btop++ v.1.2.13
2022/12/31 (20:01:40) | WARNING: No UTF-8 locale detected! Forcing start with --utf-force argument.

2022/12/31 (21:21:58) | ===> btop++ v.1.2.13
2022/12/31 (21:21:58) | WARNING: No UTF-8 locale detected! Forcing start with --utf-force argument.

2023/01/01 (17:04:57) | ===> btop++ v.1.2.13
2023/01/01 (17:04:57) | WARNING: No UTF-8 locale detected! Forcing start with --utf-force argument.

2023/01/01 (18:25:36) | ===> btop++ v.1.2.13
2023/01/01 (18:25:36) | WARNING: No UTF-8 locale detected! Forcing start with --utf-force argument.

2023/01/01 (23:14:24) | ===> btop++ v.1.2.13
2023/01/01 (23:14:24) | WARNING: No UTF-8 locale detected! Forcing start with --utf-force argument.

2023/01/02 (13:46:17) | ===> btop++ v.1.2.13
2023/01/02 (13:46:17) | WARNING: No UTF-8 locale detected! Forcing start with --utf-force argument.

2023/01/02 (15:22:48) | ===> btop++ v.1.2.13
2023/01/02 (15:22:48) | WARNING: No UTF-8 locale detected! Forcing start with --utf-force argument.

2023/01/03 (14:08:54) | ===> btop++ v.1.2.13
2023/01/03 (14:08:54) | WARNING: No UTF-8 locale detected! Forcing start with --utf-force argument.

2023/01/04 (13:09:38) | ===> btop++ v.1.2.13
2023/01/04 (13:09:38) | WARNING: No UTF-8 locale detected! Forcing start with --utf-force argument.

2023/01/04 (14:50:32) | ===> btop++ v.1.2.13
2023/01/04 (14:50:32) | WARNING: No UTF-8 locale detected! Forcing start with --utf-force argument.

2023/01/05 (14:01:30) | ===> btop++ v.1.2.13
2023/01/05 (14:01:30) | WARNING: No UTF-8 locale detected! Forcing start with --utf-force argument.

2023/01/05 (18:37:39) | ===> btop++ v.1.2.13
2023/01/05 (18:37:39) | WARNING: No UTF-8 locale detected! Forcing start with --utf-force argument.

2023/01/08 (18:37:07) | ===> btop++ v.1.2.13
2023/01/08 (18:37:07) | WARNING: No UTF-8 locale detected! Forcing start with --utf-force argument.

2023/01/09 (12:04:22) | ===> btop++ v.1.2.13
2023/01/09 (12:04:22) | WARNING: No UTF-8 locale detected! Forcing start with --utf-force argument.

2023/01/10 (11:25:42) | ===> btop++ v.1.2.13
2023/01/10 (11:25:42) | WARNING: No UTF-8 locale detected! Forcing start with --utf-force argument.

2023/01/10 (18:08:20) | ===> btop++ v.1.2.13
2023/01/10 (18:08:20) | WARNING: No UTF-8 locale detected! Forcing start with --utf-force argument.

2023/01/11 (17:55:56) | ===> btop++ v.1.2.13
2023/01/11 (17:55:56) | WARNING: No UTF-8 locale detected! Forcing start with --utf-force argument.

2023/01/11 (18:30:14) | ===> btop++ v.1.2.13
2023/01/11 (18:30:14) | WARNING: No UTF-8 locale detected! Forcing start with --utf-force argument.

2023/01/12 (09:07:28) | ===> btop++ v.1.2.13
2023/01/12 (09:07:28) | WARNING: No UTF-8 locale detected! Forcing start with --utf-force argument.

2023/01/12 (18:10:11) | ===> btop++ v.1.2.13
2023/01/12 (18:10:11) | WARNING: No UTF-8 locale detected! Forcing start with --utf-force argument.

2023/01/14 (22:51:31) | ===> btop++ v.1.2.13
2023/01/14 (22:51:31) | WARNING: No UTF-8 locale detected! Forcing start with --utf-force argument.

2023/01/16 (19:28:24) | ===> btop++ v.1.2.13
2023/01/16 (19:28:24) | WARNING: No UTF-8 locale detected! Forcing start with --utf-force argument.

2023/01/16 (19:46:26) | ===> btop++ v.1.2.13
2023/01/16 (19:46:26) | WARNING: No UTF-8 locale detected! Forcing start with --utf-force argument.

2023/01/17 (15:02:53) | ===> btop++ v.1.2.13
2023/01/17 (15:02:53) | WARNING: No UTF-8 locale detected! Forcing start with --utf-force argument.

2023/01/17 (18:08:59) | ===> btop++ v.1.2.13
2023/01/17 (18:08:59) | WARNING: No UTF-8 locale detected! Forcing start with --utf-force argument.

2023/01/19 (17:51:52) | ===> btop++ v.1.2.13
2023/01/19 (17:51:52) | WARNING: No UTF-8 locale detected! Forcing start with --utf-force argument.

2023/01/20 (18:04:44) | ===> btop++ v.1.2.13
2023/01/20 (18:04:44) | WARNING: No UTF-8 locale detected! Forcing start with --utf-force argument.

2023/01/21 (16:13:42) | ===> btop++ v.1.2.13
2023/01/21 (16:13:42) | WARNING: No UTF-8 locale detected! Forcing start with --utf-force argument.

2023/01/23 (17:56:02) | ===> btop++ v.1.2.13
2023/01/23 (17:56:02) | WARNING: No UTF-8 locale detected! Forcing start with --utf-force argument.

2023/01/23 (18:00:29) | ===> btop++ v.1.2.13
2023/01/23 (18:00:29) | WARNING: No UTF-8 locale detected! Forcing start with --utf-force argument.

2023/01/24 (18:03:31) | ===> btop++ v.1.2.13
2023/01/24 (18:03:31) | WARNING: No UTF-8 locale detected! Forcing start with --utf-force argument.

2023/01/25 (11:20:29) | ===> btop++ v.1.2.13
2023/01/25 (11:20:29) | WARNING: No UTF-8 locale detected! Forcing start with --utf-force argument.

2023/01/25 (11:28:19) | ===> btop++ v.1.2.13
2023/01/25 (11:28:19) | WARNING: No UTF-8 locale detected! Forcing start with --utf-force argument.

2023/01/25 (17:46:42) | ===> btop++ v.1.2.13
2023/01/25 (17:46:42) | WARNING: No UTF-8 locale detected! Forcing start with --utf-force argument.

2023/01/25 (17:53:33) | ===> btop++ v.1.2.13
2023/01/25 (17:53:33) | WARNING: No UTF-8 locale detected! Forcing start with --utf-force argument.

2023/01/25 (17:53:47) | ===> btop++ v.1.2.13
2023/01/25 (17:53:47) | WARNING: No UTF-8 locale detected! Forcing start with --utf-force argument.

2023/01/27 (17:53:29) | ===> btop++ v.1.2.13
2023/01/27 (17:53:29) | WARNING: No UTF-8 locale detected! Forcing start with --utf-force argument.

2023/01/31 (11:32:00) | ===> btop++ v.1.2.13
2023/01/31 (11:32:00) | WARNING: No UTF-8 locale detected! Forcing start with --utf-force argument.

2023/02/01 (12:44:19) | ===> btop++ v.1.2.13
2023/02/01 (12:44:19) | WARNING: No UTF-8 locale detected! Forcing start with --utf-force argument.

2023/02/06 (11:48:11) | ===> btop++ v.1.2.13
2023/02/06 (11:48:11) | WARNING: No UTF-8 locale detected! Forcing start with --utf-force argument.

2023/02/06 (17:34:09) | ===> btop++ v.1.2.13
2023/02/06 (17:34:09) | WARNING: No UTF-8 locale detected! Forcing start with --utf-force argument.

2023/02/07 (10:41:04) | ===> btop++ v.1.2.13
2023/02/07 (10:41:04) | WARNING: No UTF-8 locale detected! Forcing start with --utf-force argument.

2023/02/09 (11:18:06) | ===> btop++ v.1.2.13
2023/02/09 (11:18:06) | WARNING: No UTF-8 locale detected! Forcing start with --utf-force argument.

2023/02/09 (11:19:02) | ===> btop++ v.1.2.13
2023/02/09 (11:19:02) | WARNING: No UTF-8 locale detected! Forcing start with --utf-force argument.

2023/02/09 (11:22:16) | ===> btop++ v.1.2.13
2023/02/09 (11:22:16) | WARNING: No UTF-8 locale detected! Forcing start with --utf-force argument.

2023/02/09 (11:50:10) | ===> btop++ v.1.2.13
2023/02/09 (11:50:10) | WARNING: No UTF-8 locale detected! Forcing start with --utf-force argument.

2023/02/11 (09:48:50) | ===> btop++ v.1.2.13
2023/02/11 (09:48:50) | WARNING: No UTF-8 locale detected! Forcing start with --utf-force argument.

2023/02/13 (10:26:53) | ===> btop++ v.1.2.13
2023/02/13 (10:26:53) | WARNING: No UTF-8 locale detected! Forcing start with --utf-force argument.

2023/02/13 (17:45:16) | ===> btop++ v.1.2.13
2023/02/13 (17:45:16) | WARNING: No UTF-8 locale detected! Forcing start with --utf-force argument.

2023/03/02 (11:40:46) | ===> btop++ v.1.2.13
2023/03/02 (11:40:46) | WARNING: No UTF-8 locale detected! Forcing start with --utf-force argument.

2023/03/08 (03:52:22) | ===> btop++ v.1.2.13
2023/03/08 (03:52:22) | WARNING: No UTF-8 locale detected! Forcing start with --utf-force argument.

2023/03/08 (17:36:54) | ===> btop++ v.1.2.13
2023/03/08 (17:36:54) | WARNING: No UTF-8 locale detected! Forcing start with --utf-force argument.

2023/03/08 (22:47:03) | ===> btop++ v.1.2.13
2023/03/08 (22:47:03) | WARNING: No UTF-8 locale detected! Forcing start with --utf-force argument.

2023/03/09 (22:21:18) | ===> btop++ v.1.2.13
2023/03/09 (22:21:18) | WARNING: No UTF-8 locale detected! Forcing start with --utf-force argument.

2023/03/10 (00:55:54) | ===> btop++ v.1.2.13
2023/03/10 (00:55:54) | WARNING: No UTF-8 locale detected! Forcing start with --utf-force argument.

2023/03/15 (13:25:05) | ===> btop++ v.1.2.13
2023/03/15 (13:25:05) | WARNING: No UTF-8 locale detected! Forcing start with --utf-force argument.

2023/03/16 (00:06:10) | ===> btop++ v.1.2.13
2023/03/16 (00:06:10) | WARNING: No UTF-8 locale detected! Forcing start with --utf-force argument.

2023/03/16 (00:07:25) | ===> btop++ v.1.2.13
2023/03/16 (00:07:25) | WARNING: No UTF-8 locale detected! Forcing start with --utf-force argument.

2023/03/16 (00:07:31) | ===> btop++ v.1.2.13
2023/03/16 (00:07:31) | WARNING: No UTF-8 locale detected! Forcing start with --utf-force argument.

2023/03/16 (00:07:38) | ===> btop++ v.1.2.13
2023/03/16 (00:07:38) | WARNING: No UTF-8 locale detected! Forcing start with --utf-force argument.

2023/03/16 (00:08:04) | ===> btop++ v.1.2.13
2023/03/16 (00:08:04) | WARNING: No UTF-8 locale detected! Forcing start with --utf-force argument.

2023/03/16 (00:10:02) | ===> btop++ v.1.2.13
2023/03/16 (00:10:02) | WARNING: No UTF-8 locale detected! Forcing start with --utf-force argument.
